## Issue 

[root@l2-10-base1 .kube]# oc get co
NAME                                       VERSION   AVAILABLE   PROGRESSING   DEGRADED   SINCE
authentication                                       False       True          True       3h36m
cloud-credential                           4.6.35    True        False         False      3h50m
cluster-autoscaler                         4.6.35    True        False         False      3h35m
config-operator                            4.6.35    True        False         False      3h36m
console                                    4.6.35    False       True          True       145m
csi-snapshot-controller                    4.6.35    True        False         False      3h36m
dns                                        4.6.35    True        False         False      3h35m
etcd                                       4.6.35    True        False         False      3h23m
image-registry                             4.6.35    True        False         False      3h17m
ingress                                    4.6.35    True        False         False      145m
insights                                   4.6.35    True        False         False      3h36m
kube-apiserver                             4.6.35    True        False         False      3h22m
kube-controller-manager                    4.6.35    True        False         False      3h33m
kube-scheduler                             4.6.35    True        False         False      3h34m
kube-storage-version-migrator              4.6.35    True        False         False      145m
machine-api                                4.6.35    True        False         False      3h36m
machine-approver                           4.6.35    True        False         False      3h35m
machine-config                             4.6.35    True        False         False      3h35m
marketplace                                4.6.35    True        False         False      3h35m
monitoring                                 4.6.35    True        False         False      144m
network                                    4.6.35    True        False         False      3h36m
node-tuning                                4.6.35    True        False         False      3h36m
openshift-apiserver                        4.6.35    True        False         False      3h17m
openshift-controller-manager               4.6.35    True        False         False      3h35m
openshift-samples                          4.6.35    True        False         False      3h16m
operator-lifecycle-manager                 4.6.35    True        False         False      3h36m
operator-lifecycle-manager-catalog         4.6.35    True        False         False      3h36m
operator-lifecycle-manager-packageserver   4.6.35    True        False         False      3h17m
service-ca                                 4.6.35    True        False         False      3h36m
storage                                    4.6.35    True        False         False      3h36m

## Validations
console pod logs
2021-06-23T03:48:00Z cmd/main: Flag inactivity-timeout is set to less then 300 seconds and will be ignored!
2021-06-23T03:48:00Z auth: error contacting auth provider (retrying in 10s): request to OAuth issuer endpoint https://oauth-openshift.apps.lab2.dslee.lab/oauth/token failed: Head "https://oauth-openshift.apps.lab2.dslee.lab": EOF
2021-06-23T03:48:10Z auth: error contacting auth provider (retrying in 10s): request to OAuth issuer endpoint https://oauth-openshift.apps.lab2.dslee.lab/oauth/token failed: Head "https://oauth-openshift.apps.lab2.dslee.lab": EOF
2021-06-23T03:48:20Z auth: error contacting auth provider (retrying in 10s): request to OAuth issuer endpoint https://oauth-openshift.apps.lab2.dslee.lab/oauth/token failed: Head "https://oauth-openshift.apps.lab2.dslee.lab": EOF
2021-06-23T03:48:30Z auth: error contacting auth provider (retrying in 10s): request to OAuth issuer endpoint https://oauth-openshift.apps.lab2.dslee.lab/oauth/token failed: Head "https://oauth-openshift.apps.lab2.dslee.lab": EOF
2021-06-23T03:48:40Z auth: error contacting auth provider (retrying in 10s): request to OAuth issuer endpoint https://oauth-openshift.apps.lab2.dslee.lab/oauth/token failed: Head "https://oauth-openshift.apps.lab2.dslee.lab": EOF
2021-06-23T03:48:50Z auth: error contacting auth provider (retrying in 10s): request to OAuth issuer endpoint https://oauth-openshift.apps.lab2.dslee.lab/oauth/token failed: Head "https://oauth-openshift.apps.lab2.dslee.lab": EOF

## Resolutions
Haproxy confinguration

