error: unable to upload blob sha256:b0649539bf8ad3eb80058b02c5784e068e35685f61253b9c96eaf5959b65bb58 to mirrorregistry.lab2.dslee.lab:5000/ocp4/openshift4: Post "https://mirrorregistry.lab2.dslee.lab:5000/v2/ocp4/openshift4/blobs/uploads/": no basic auth credentials
error: unable to push file://openshift/release: failed to upload blob sha256:7f0fac3f665cb90290e9ad959bb85fad86ebb6de9e9c14538894607855b84f34: Post "https://mirrorregistry.lab2.dslee.lab:5000/v2/ocp4/openshift4/blobs/uploads/": no basic auth credentials
error: unable to upload blob sha256:e88f0fb70df6a3f8eaf1361bd0f1375ab977d21a944f9d35bfc8792b2a85c401 to mirrorregistry.lab2.dslee.lab:5000/ocp4/openshift4: Post "https://mirrorregistry.lab2.dslee.lab:5000/v2/ocp4/openshift4/blobs/uploads/": no basic auth credentials
error: unable to push file://openshift/release: failed to upload blob sha256:2912d8daf996c4616c98dd8b579f16cb72523bf0fe5a6cc767c73fac5c49e99a: Post "https://mirrorregistry.lab2.dslee.lab:5000/v2/ocp4/openshift4/blobs/uploads/": no basic auth credentials
error: unable to push file://openshift/release: failed to upload blob sha256:36e0cc19c1cf9fae885281c7c72208755d1a9c3f6884b6a95acf8314268948b7: Post "https://mirrorregistry.lab2.dslee.lab:5000/v2/ocp4/openshift4/blobs/uploads/": no basic auth credentials
error: unable to upload blob sha256:5bc33f0f88af63e316e2f5160397e3c7f05bae32c3ea31eadb7ef5ea50d2629b to mirrorregistry.lab2.dslee.lab:5000/ocp4/openshift4: Post "https://mirrorregistry.lab2.dslee.lab:5000/v2/ocp4/openshift4/blobs/uploads/": no basic auth credentials
error: unable to upload blob sha256:3aad32692ccc333a604efb626dcf353b2d95a56c8aadba5c45793fd97e1df828 to mirrorregistry.lab2.dslee.lab:5000/ocp4/openshift4: Post "https://mirrorregistry.lab2.dslee.lab:5000/v2/ocp4/openshift4/blobs/uploads/": no basic auth credentials
error: unable to upload blob sha256:85c2281e80cca1382ba07555ab23afc6b1a5a88c1e88818dfd251a68082b47b8 to mirrorregistry.lab2.dslee.lab:5000/ocp4/openshift4: Post "https://mirrorregistry.lab2.dslee.lab:5000/v2/ocp4/openshift4/blobs/uploads/": no basic auth credentials
error: unable to upload blob sha256:5eaccebfbe46589e82d66bfe39ed169a4c96d902515411a4e7858db8d8e02ee9 to mirrorregistry.lab2.dslee.lab:5000/ocp4/openshift4: Post "https://mirrorregistry.lab2.dslee.lab:5000/v2/ocp4/openshift4/blobs/uploads/": no basic auth credentials
error: unable to upload blob sha256:ac22d813cb930c2f291a1f6c9404ffe6dda840ec904684e3b51a22bfda6905aa to mirrorregistry.lab2.dslee.lab:5000/ocp4/openshift4: Post "https://mirrorregistry.lab2.dslee.lab:5000/v2/ocp4/openshift4/blobs/uploads/": no basic auth credentials
error: unable to upload blob sha256:954dcddd81e431d477f19d2c25547610ead9829998f71cda58ed836ac8d45631 to mirrorregistry.lab2.dslee.lab:5000/ocp4/openshift4: Post "https://mirrorregistry.lab2.dslee.lab:5000/v2/ocp4/openshift4/blobs/uploads/": no basic auth credentials
error: unable to upload blob sha256:688b51ab4c25924060374c3ed1bc5c65203b2b6b03eec848fc9b21ed92a6e370 to mirrorregistry.lab2.dslee.lab:5000/ocp4/openshift4: Post "https://mirrorregistry.lab2.dslee.lab:5000/v2/ocp4/openshift4/blobs/uploads/": no basic auth credentials
error: unable to upload blob sha256:9ae127bf265a4ae2ec179d101a41dd8e8d2703c7b24888e795d2dc28f7bb9f55 to mirrorregistry.lab2.dslee.lab:5000/ocp4/openshift4: Post "https://mirrorregistry.lab2.dslee.lab:5000/v2/ocp4/openshift4/blobs/uploads/": no basic auth credentials
error: unable to push file://openshift/release: failed to upload blob sha256:d01a3403c62bac315401808b1a84368e9c9be737e18bf3e063975e5c0d4fdeb0: Post "https://mirrorregistry.lab2.dslee.lab:5000/v2/ocp4/openshift4/blobs/uploads/": no basic auth credentials
error: unable to push file://openshift/release: failed to upload blob sha256:6493e179d2adf35971cced7d9713288d8534a5306d0b3506a9b5881b21ca02ea: Post "https://mirrorregistry.lab2.dslee.lab:5000/v2/ocp4/openshift4/blobs/uploads/": no basic auth credentials
error: unable to push file://openshift/release: failed to upload blob sha256:f3a22f2110d5f0daffe728f797add7d8ab9fdf7f9197985b7417092315a11902: Post "https://mirrorregistry.lab2.dslee.lab:5000/v2/ocp4/openshift4/blobs/uploads/": no basic auth credentials
error: unable to upload blob sha256:4c3e6d4b77bbcd51f90765c647b2a913f68060e1d7c6dce1a78de414baba006b to mirrorregistry.lab2.dslee.lab:5000/ocp4/openshift4: Post "https://mirrorregistry.lab2.dslee.lab:5000/v2/ocp4/openshift4/blobs/uploads/": no basic auth credentials
error: unable to push file://openshift/release: failed to upload blob sha256:0a98acb067a86ffadbcdf6fda34266e4f6c129e68741787755d3be6cf02beca3: Post "https://mirrorregistry.lab2.dslee.lab:5000/v2/ocp4/openshift4/blobs/uploads/": no basic auth credentials
error: unable to push file://openshift/release: failed to upload blob sha256:8c1aec7c491d3991e74f5fbcc70cce59c2facf3369fb92a36bce9c7735745fe6: Post "https://mirrorregistry.lab2.dslee.lab:5000/v2/ocp4/openshift4/blobs/uploads/": no basic auth credentials
error: unable to push file://openshift/release: failed to upload blob sha256:99e30758b0487c9c7a15729343954abd81e7c06291565c0fa297069a85f36d2a: Post "https://mirrorregistry.lab2.dslee.lab:5000/v2/ocp4/openshift4/blobs/uploads/": no basic auth credentials
error: unable to upload blob sha256:c7fc28264eb57e585d882b48fd430b227017858345b62c18c4fa0417cc6b03f1 to mirrorregistry.lab2.dslee.lab:5000/ocp4/openshift4: Post "https://mirrorregistry.lab2.dslee.lab:5000/v2/ocp4/openshift4/blobs/uploads/": no basic auth credentials
error: unable to push file://openshift/release: failed to upload blob sha256:07fcff366f680ab8bc9313dd0db1f2605ecc91e26c27c1eca6071c477e0eb618: Post "https://mirrorregistry.lab2.dslee.lab:5000/v2/ocp4/openshift4/blobs/uploads/": no basic auth credentials
error: unable to upload blob sha256:5a5e8cace305412f9df0ac8dde8a72304ab04e2b91b469e90ff39c0f111c0216 to mirrorregistry.lab2.dslee.lab:5000/ocp4/openshift4: Post "https://mirrorregistry.lab2.dslee.lab:5000/v2/ocp4/openshift4/blobs/uploads/": no basic auth credentials
error: unable to push file://openshift/release: failed to upload blob sha256:bfeacc8c6f8d7ff25c891ba3a51aec40976652693d7d483655a80948f8505c38: Post "https://mirrorregistry.lab2.dslee.lab:5000/v2/ocp4/openshift4/blobs/uploads/": no basic auth credentials
error: unable to upload blob sha256:dd9bfb3e9c22d9546882940e4f2753f25dfee517f18e7c4f0b21f9032ce7b323 to mirrorregistry.lab2.dslee.lab:5000/ocp4/openshift4: Post "https://mirrorregistry.lab2.dslee.lab:5000/v2/ocp4/openshift4/blobs/uploads/": no basic auth credentials
error: unable to upload blob sha256:7cdcb80ee63319835715e9312fe3715a981030b6d6af4320a7424d1eeb18874a to mirrorregistry.lab2.dslee.lab:5000/ocp4/openshift4: Post "https://mirrorregistry.lab2.dslee.lab:5000/v2/ocp4/openshift4/blobs/uploads/": no basic auth credentials
error: unable to push file://openshift/release: failed to upload blob sha256:ee0d69a4da5829f0e2a1010ffe5b758362b9f438c29075da76451b239bc47ee2: Post "https://mirrorregistry.lab2.dslee.lab:5000/v2/ocp4/openshift4/blobs/uploads/": no basic auth credentials
error: unable to push file://openshift/release: failed to upload blob sha256:497aadb18d68721bbf5b616f89b60fa49451143ff3aa81adbdb55d3be690c858: Post "https://mirrorregistry.lab2.dslee.lab:5000/v2/ocp4/openshift4/blobs/uploads/": no basic auth credentials
error: unable to push file://openshift/release: failed to upload blob sha256:307c6a54dbae15f8b9d48fa0d888f346cb96c482197168b42abfcdf7c582266a: Post "https://mirrorregistry.lab2.dslee.lab:5000/v2/ocp4/openshift4/blobs/uploads/": no basic auth credentials
error: unable to push file://openshift/release: failed to upload blob sha256:5e900c711487a9ebed6cfe1029c7fb5df71f1e1743247811e1a087718bf1f8e6: Post "https://mirrorregistry.lab2.dslee.lab:5000/v2/ocp4/openshift4/blobs/uploads/": no basic auth credentials
error: unable to upload blob sha256:f8a313c0003111d19e920176b8f0a1d49b7d287dd3b71f4fbda9900f966e43a9 to mirrorregistry.lab2.dslee.lab:5000/ocp4/openshift4: Post "https://mirrorregistry.lab2.dslee.lab:5000/v2/ocp4/openshift4/blobs/uploads/": no basic auth credentials
error: unable to upload blob sha256:d7628da82395518c35c9d3a06d3310e6819383e14cec17b8e5e5df259a0b1d80 to mirrorregistry.lab2.dslee.lab:5000/ocp4/openshift4: Post "https://mirrorregistry.lab2.dslee.lab:5000/v2/ocp4/openshift4/blobs/uploads/": no basic auth credentials
error: unable to push file://openshift/release: failed to upload blob sha256:555003f17755966ebe982cdb0e0ba0c78ff10dbaabb6072fb8c529e99c978fa4: Post "https://mirrorregistry.lab2.dslee.lab:5000/v2/ocp4/openshift4/blobs/uploads/": no basic auth credentials
error: unable to upload blob sha256:a26cedcba14ab63710d8d36c82af7d55fb6038e41da156aa68d6cdbda57e73e3 to mirrorregistry.lab2.dslee.lab:5000/ocp4/openshift4: Post "https://mirrorregistry.lab2.dslee.lab:5000/v2/ocp4/openshift4/blobs/uploads/": no basic auth credentials
error: unable to upload blob sha256:4e08dc4e15ec8418e51f0de9dc3cd8578331db7b2f4da4c098a191d70de60bf4 to mirrorregistry.lab2.dslee.lab:5000/ocp4/openshift4: Post "https://mirrorregistry.lab2.dslee.lab:5000/v2/ocp4/openshift4/blobs/uploads/": no basic auth credentials
error: unable to push file://openshift/release: failed to upload blob sha256:ec24f62ca21f145557390d50c36f549c95e42dadf2f75ac165bbc7a2e1156906: Post "https://mirrorregistry.lab2.dslee.lab:5000/v2/ocp4/openshift4/blobs/uploads/": no basic auth credentials
error: unable to upload blob sha256:d7e0d39e7022502bb75c2b785de6a0bba9de5bd2ad8dc317f8bb1a746d8fd62b to mirrorregistry.lab2.dslee.lab:5000/ocp4/openshift4: Post "https://mirrorregistry.lab2.dslee.lab:5000/v2/ocp4/openshift4/blobs/uploads/": no basic auth credentials
error: unable to upload blob sha256:005b87690b3911b5f1aeb25b816f3f3f6afa3511584b6a1e4c43b279501ecfbd to mirrorregistry.lab2.dslee.lab:5000/ocp4/openshift4: Post "https://mirrorregistry.lab2.dslee.lab:5000/v2/ocp4/openshift4/blobs/uploads/": no basic auth credentials
error: unable to push file://openshift/release: failed to upload blob sha256:d305b584135f6d803c6e7edd1f1a426a5c4c68f144894ab7a41fa9949fab4c83: Post "https://mirrorregistry.lab2.dslee.lab:5000/v2/ocp4/openshift4/blobs/uploads/": no basic auth credentials
error: unable to upload blob sha256:ae15e387d704f9a1c9584ee0f81ba93a1b5cdfc0d620f5b81a613c778569b5d3 to mirrorregistry.lab2.dslee.lab:5000/ocp4/openshift4: Post "https://mirrorregistry.lab2.dslee.lab:5000/v2/ocp4/openshift4/blobs/uploads/": no basic auth credentials
error: unable to upload blob sha256:2af718d4f73799563b09182205552e044d12fdaf063e9bfb761cb73a00587ed5 to mirrorregistry.lab2.dslee.lab:5000/ocp4/openshift4: Post "https://mirrorregistry.lab2.dslee.lab:5000/v2/ocp4/openshift4/blobs/uploads/": no basic auth credentials
error: unable to upload blob sha256:f4f750950f3074e983f952de968540c6e71db9c01db2ca01955f6dd7aa8950b2 to mirrorregistry.lab2.dslee.lab:5000/ocp4/openshift4: Post "https://mirrorregistry.lab2.dslee.lab:5000/v2/ocp4/openshift4/blobs/uploads/": no basic auth credentials
error: unable to upload blob sha256:ebbe03c831dbca5c49eaef2ed592035297aee7bf74019626e389210824a9e50c to mirrorregistry.lab2.dslee.lab:5000/ocp4/openshift4: Post "https://mirrorregistry.lab2.dslee.lab:5000/v2/ocp4/openshift4/blobs/uploads/": no basic auth credentials
error: unable to push file://openshift/release: failed to upload blob sha256:3a44a81eaba0d660a49e9bb6d6196b4129812f78a24b8e8254f6a8a0ab93eb47: Post "https://mirrorregistry.lab2.dslee.lab:5000/v2/ocp4/openshift4/blobs/uploads/": no basic auth credentials
error: unable to upload blob sha256:94bfd5c91dab25e3560e5e5b87a00758e018b4d11f66ca9529b596b1005b697d to mirrorregistry.lab2.dslee.lab:5000/ocp4/openshift4: Post "https://mirrorregistry.lab2.dslee.lab:5000/v2/ocp4/openshift4/blobs/uploads/": no basic auth credentials
error: unable to push file://openshift/release: failed to upload blob sha256:d31dfc731839f4df7b5a79ebe2e8342636f9bc9e6befec3dfb35691d46d881b0: Post "https://mirrorregistry.lab2.dslee.lab:5000/v2/ocp4/openshift4/blobs/uploads/": no basic auth credentials
error: unable to upload blob sha256:15f230844547dc0ffd6118ff5d693b08fe5e4eae56d22bda76350cd918379ce9 to mirrorregistry.lab2.dslee.lab:5000/ocp4/openshift4: Post "https://mirrorregistry.lab2.dslee.lab:5000/v2/ocp4/openshift4/blobs/uploads/": no basic auth credentials
error: unable to upload blob sha256:f758f69af90be72f0b113f5d107f597f4979e24443ab58e2e77944eb465400f5 to mirrorregistry.lab2.dslee.lab:5000/ocp4/openshift4: Post "https://mirrorregistry.lab2.dslee.lab:5000/v2/ocp4/openshift4/blobs/uploads/": no basic auth credentials
error: unable to upload blob sha256:8f78bac7460f379a03f51b2c0195530146cfcd1d449ab930c16a09ad2c69c79f to mirrorregistry.lab2.dslee.lab:5000/ocp4/openshift4: Post "https://mirrorregistry.lab2.dslee.lab:5000/v2/ocp4/openshift4/blobs/uploads/": no basic auth credentials
error: unable to push file://openshift/release: failed to upload blob sha256:8db05f0f9ee98ffe961e9d92ed0cb6d1366c394374b2b8151af1801951c8ccfd: Post "https://mirrorregistry.lab2.dslee.lab:5000/v2/ocp4/openshift4/blobs/uploads/": no basic auth credentials
error: unable to push file://openshift/release: failed to upload blob sha256:65ca103e920eda5d97ce1749bb0e997b93fba78e75b0b9191a73aa2cd0fd29ca: Post "https://mirrorregistry.lab2.dslee.lab:5000/v2/ocp4/openshift4/blobs/uploads/": no basic auth credentials
error: unable to push file://openshift/release: failed to upload blob sha256:6f9a3e35e6bc23f464275cc3f7b911c8a1c5871389c870102e7e8002e09f3ff0: Post "https://mirrorregistry.lab2.dslee.lab:5000/v2/ocp4/openshift4/blobs/uploads/": no basic auth credentials
error: unable to push file://openshift/release: failed to upload blob sha256:32a5fef9aa0bacf63a4b854b425322506638a19ca618f32cb18ad7292c3e7fdb: Post "https://mirrorregistry.lab2.dslee.lab:5000/v2/ocp4/openshift4/blobs/uploads/": no basic auth credentials
error: unable to upload blob sha256:d52eb008306616c4dcd0567929d56274786fcdf1ba346ac126f9b67f55414485 to mirrorregistry.lab2.dslee.lab:5000/ocp4/openshift4: Post "https://mirrorregistry.lab2.dslee.lab:5000/v2/ocp4/openshift4/blobs/uploads/": no basic auth credentials
error: unable to upload blob sha256:a0066af22703f24cd993c95e91a9e8053cf2e4309167de96dce66f706af093e5 to mirrorregistry.lab2.dslee.lab:5000/ocp4/openshift4: Post "https://mirrorregistry.lab2.dslee.lab:5000/v2/ocp4/openshift4/blobs/uploads/": no basic auth credentials
error: unable to push file://openshift/release: failed to upload blob sha256:3fd6efc8294b11b84923b8bc7e856eef1d4d50fbac547764d0a047c9ef8e828e: Post "https://mirrorregistry.lab2.dslee.lab:5000/v2/ocp4/openshift4/blobs/uploads/": no basic auth credentials
error: unable to upload blob sha256:f61c6b105dd4d2368b835eb0c1a93a6f46693ee21791db0011b9db6fc2821d22 to mirrorregistry.lab2.dslee.lab:5000/ocp4/openshift4: Post "https://mirrorregistry.lab2.dslee.lab:5000/v2/ocp4/openshift4/blobs/uploads/": no basic auth credentials
error: unable to push file://openshift/release: failed to upload blob sha256:9594e002246b36294b602bdba2a399c83abe5db7a29b1accb7cbabe40ce5eecc: Post "https://mirrorregistry.lab2.dslee.lab:5000/v2/ocp4/openshift4/blobs/uploads/": no basic auth credentials
error: unable to push file://openshift/release: failed to upload blob sha256:31b08398d00284a00eead384585df9e0e60ece6dcb8a4cc759adb0a0e00e316f: Post "https://mirrorregistry.lab2.dslee.lab:5000/v2/ocp4/openshift4/blobs/uploads/": no basic auth credentials
error: unable to upload blob sha256:df753142daf7650585f2ef3ad2e3e89986a46227440a2b30cbeba027afca5e20 to mirrorregistry.lab2.dslee.lab:5000/ocp4/openshift4: Post "https://mirrorregistry.lab2.dslee.lab:5000/v2/ocp4/openshift4/blobs/uploads/": no basic auth credentials
error: unable to push file://openshift/release: failed to upload blob sha256:8be03f72812881a134038115a3c23565200992094be2da2aa36e718012e328bf: Post "https://mirrorregistry.lab2.dslee.lab:5000/v2/ocp4/openshift4/blobs/uploads/": no basic auth credentials
error: unable to upload blob sha256:2376f502371786b7c78fdf62117226c7899c03b2f4d462a996c8f9c1e2f91a6c to mirrorregistry.lab2.dslee.lab:5000/ocp4/openshift4: Post "https://mirrorregistry.lab2.dslee.lab:5000/v2/ocp4/openshift4/blobs/uploads/": no basic auth credentials
error: unable to push file://openshift/release: failed to upload blob sha256:cf12815254b67bda5f5a7ed7ee4727e15db44fa3e5096fd09587e01edc8ac9e0: Post "https://mirrorregistry.lab2.dslee.lab:5000/v2/ocp4/openshift4/blobs/uploads/": no basic auth credentials
error: unable to upload blob sha256:a08ce8c63b76de84d3d0385ba43aebcfd90e7952d6d4fbf1f37f8d4577265ce9 to mirrorregistry.lab2.dslee.lab:5000/ocp4/openshift4: Post "https://mirrorregistry.lab2.dslee.lab:5000/v2/ocp4/openshift4/blobs/uploads/": no basic auth credentials
error: unable to push file://openshift/release: failed to upload blob sha256:2de1cb88c9b91a8fc413b4bc65dd9a3318474d68a670920ac568214bfe3af9ff: Post "https://mirrorregistry.lab2.dslee.lab:5000/v2/ocp4/openshift4/blobs/uploads/": no basic auth credentials
error: unable to upload blob sha256:645a7669e538b28cf1edc1692afd2f6e7d66530e2e4e87c579be8b9ac1c4961d to mirrorregistry.lab2.dslee.lab:5000/ocp4/openshift4: Post "https://mirrorregistry.lab2.dslee.lab:5000/v2/ocp4/openshift4/blobs/uploads/": no basic auth credentials
error: unable to push file://openshift/release: failed to upload blob sha256:b4ee922929290bf289dc47778df6a39e96a1d591925cf7b0ce849096c067d2a2: Post "https://mirrorregistry.lab2.dslee.lab:5000/v2/ocp4/openshift4/blobs/uploads/": no basic auth credentials
error: unable to push file://openshift/release: failed to upload blob sha256:50540a1d75afd69362d13212c9107c71b060c0c4c108b804876838fb8349b00d: Post "https://mirrorregistry.lab2.dslee.lab:5000/v2/ocp4/openshift4/blobs/uploads/": no basic auth credentials
error: unable to upload blob sha256:c7abb236bada23ace68c225523e2fcb39d4b2423ce86da0f231f726bcdd427f6 to mirrorregistry.lab2.dslee.lab:5000/ocp4/openshift4: Post "https://mirrorregistry.lab2.dslee.lab:5000/v2/ocp4/openshift4/blobs/uploads/": no basic auth credentials
error: unable to push file://openshift/release: failed to upload blob sha256:bafe9d4820ca925fc7f46c4be91cd2a30fa3c9173a4a1f4b86442d2d02f9f61b: Post "https://mirrorregistry.lab2.dslee.lab:5000/v2/ocp4/openshift4/blobs/uploads/": no basic auth credentials
error: unable to upload blob sha256:0540d69de9c89f933462430a779d58134cca734f5fc2017705bf771c849d31fd to mirrorregistry.lab2.dslee.lab:5000/ocp4/openshift4: Post "https://mirrorregistry.lab2.dslee.lab:5000/v2/ocp4/openshift4/blobs/uploads/": no basic auth credentials
error: unable to push file://openshift/release: failed to upload blob sha256:8360eba3bbbba7f25edaa4c969eb3aaf64a55f7d88ea117805260169884892e9: Post "https://mirrorregistry.lab2.dslee.lab:5000/v2/ocp4/openshift4/blobs/uploads/": no basic auth credentials
error: unable to upload blob sha256:e694432af63bdb4050fa3bf2ed16d34456ea2ddeab8549bcc4e95009c0460d85 to mirrorregistry.lab2.dslee.lab:5000/ocp4/openshift4: Post "https://mirrorregistry.lab2.dslee.lab:5000/v2/ocp4/openshift4/blobs/uploads/": no basic auth credentials
error: unable to upload blob sha256:660783a89b1c85d3a00788b37eeaa2a547ec7bf148f6d42cdb39e1009403dabf to mirrorregistry.lab2.dslee.lab:5000/ocp4/openshift4: Post "https://mirrorregistry.lab2.dslee.lab:5000/v2/ocp4/openshift4/blobs/uploads/": no basic auth credentials
error: unable to push file://openshift/release: failed to upload blob sha256:33d31bf0a1acb00c6b2615ae958449ecc93b754f205ed0ba1964154d74eba6f4: Post "https://mirrorregistry.lab2.dslee.lab:5000/v2/ocp4/openshift4/blobs/uploads/": no basic auth credentials
error: unable to push file://openshift/release: failed to upload blob sha256:0512a90ec412142d4093809145e456e2d6810c0bdc32f166f50cbc2f131d0b90: Post "https://mirrorregistry.lab2.dslee.lab:5000/v2/ocp4/openshift4/blobs/uploads/": no basic auth credentials
error: unable to push file://openshift/release: failed to upload blob sha256:348c8c7c387bbc3b841789203982af5a948e2769846d88cb2fe83638cc492da2: Post "https://mirrorregistry.lab2.dslee.lab:5000/v2/ocp4/openshift4/blobs/uploads/": no basic auth credentials
error: unable to push file://openshift/release: failed to upload blob sha256:0ec36ea1cf3153f83438a06d6616d8cddcd7a2aacbbaf1ed56ce7d157552ace5: Post "https://mirrorregistry.lab2.dslee.lab:5000/v2/ocp4/openshift4/blobs/uploads/": no basic auth credentials
error: unable to push file://openshift/release: failed to upload blob sha256:efa5af4537b96eef7ee5b6013d57e01fe24cf3ad252b416a93c83947b7a3940a: Post "https://mirrorregistry.lab2.dslee.lab:5000/v2/ocp4/openshift4/blobs/uploads/": no basic auth credentials
error: unable to push file://openshift/release: failed to upload blob sha256:ab75d20364dfc195849daaee190c80466db07598e168d41b5a31a05a07469afe: Post "https://mirrorregistry.lab2.dslee.lab:5000/v2/ocp4/openshift4/blobs/uploads/": no basic auth credentials
error: unable to push file://openshift/release: failed to upload blob sha256:6898b523e5c0050815715d94d2dd3dad095e9a3d983a1a6d11c19a3c1a6ea65b: Post "https://mirrorregistry.lab2.dslee.lab:5000/v2/ocp4/openshift4/blobs/uploads/": no basic auth credentials
error: unable to push file://openshift/release: failed to upload blob sha256:9e9f5a5067e8cc2b7dd0ff4b95bcb29c0925a3bbc13af3cf36bb9be79c251956: Post "https://mirrorregistry.lab2.dslee.lab:5000/v2/ocp4/openshift4/blobs/uploads/": no basic auth credentials
error: unable to push file://openshift/release: failed to upload blob sha256:655e862750e817ad4a4186ccb2e050d7aec4d4ed6eb7248bef1037baf84dfb18: Post "https://mirrorregistry.lab2.dslee.lab:5000/v2/ocp4/openshift4/blobs/uploads/": no basic auth credentials
error: unable to push file://openshift/release: failed to upload blob sha256:3de33726a2f791a692b74a9e1f7e6754e77a9decb766d11513c498d4100c73c6: Post "https://mirrorregistry.lab2.dslee.lab:5000/v2/ocp4/openshift4/blobs/uploads/": no basic auth credentials
error: unable to upload blob sha256:9882ea2ea8db8863ddb2740173c368d645868593c42813f0377a94f33f907f3f to mirrorregistry.lab2.dslee.lab:5000/ocp4/openshift4: Post "https://mirrorregistry.lab2.dslee.lab:5000/v2/ocp4/openshift4/blobs/uploads/": no basic auth credentials
error: unable to push file://openshift/release: failed to upload blob sha256:9a98dc9163432baecffa5b4624ae2bc92c024a16cf9df44f752b11d2c2704838: Post "https://mirrorregistry.lab2.dslee.lab:5000/v2/ocp4/openshift4/blobs/uploads/": no basic auth credentials
error: unable to upload blob sha256:a178f9be12445370a5ba18f9400eb8e237faa5167483bad1e0ce6f12f62e9e5c to mirrorregistry.lab2.dslee.lab:5000/ocp4/openshift4: Post "https://mirrorregistry.lab2.dslee.lab:5000/v2/ocp4/openshift4/blobs/uploads/": no basic auth credentials
error: unable to upload blob sha256:c4fcdf68ae44f22ea686777ed2bad80e036393d8efc9d08ca7ebc866fbbf9065 to mirrorregistry.lab2.dslee.lab:5000/ocp4/openshift4: Post "https://mirrorregistry.lab2.dslee.lab:5000/v2/ocp4/openshift4/blobs/uploads/": no basic auth credentials
error: unable to push file://openshift/release: failed to upload blob sha256:840be2d52b45213da442d23b67032335a54842a4ef0d5684c7c2ac43ec80c03f: Post "https://mirrorregistry.lab2.dslee.lab:5000/v2/ocp4/openshift4/blobs/uploads/": no basic auth credentials
error: unable to upload blob sha256:9661f5449bb06781970ba1bf48bd54c5236420b8a8fe8f8010b6debfeebe5625 to mirrorregistry.lab2.dslee.lab:5000/ocp4/openshift4: Post "https://mirrorregistry.lab2.dslee.lab:5000/v2/ocp4/openshift4/blobs/uploads/": no basic auth credentials
error: unable to push file://openshift/release: failed to upload blob sha256:1559fc25e62f61b22f477819901c2d62d2fbb410ac2bc6991aabc4712e067fc4: Post "https://mirrorregistry.lab2.dslee.lab:5000/v2/ocp4/openshift4/blobs/uploads/": no basic auth credentials
error: unable to push file://openshift/release: failed to upload blob sha256:4422ea938fce292799f3089e923d72ed3e9430832cb96382f0f77b52871524a5: Post "https://mirrorregistry.lab2.dslee.lab:5000/v2/ocp4/openshift4/blobs/uploads/": no basic auth credentials
error: unable to upload blob sha256:fa1e22c2f0795e6d6f891984f805e2d01d0a92413777e0e22a7dbe1c914480be to mirrorregistry.lab2.dslee.lab:5000/ocp4/openshift4: Post "https://mirrorregistry.lab2.dslee.lab:5000/v2/ocp4/openshift4/blobs/uploads/": no basic auth credentials
error: unable to upload blob sha256:2a982a9b8f9070a82957f97f2d9d8dfac548bce0d32c1b15041dfb10c7922b4f to mirrorregistry.lab2.dslee.lab:5000/ocp4/openshift4: Post "https://mirrorregistry.lab2.dslee.lab:5000/v2/ocp4/openshift4/blobs/uploads/": no basic auth credentials
error: unable to upload blob sha256:b1dd2dc62c6003db318823fcb78a6b0f3d59f418db27f21515b6fec15e1cd108 to mirrorregistry.lab2.dslee.lab:5000/ocp4/openshift4: Post "https://mirrorregistry.lab2.dslee.lab:5000/v2/ocp4/openshift4/blobs/uploads/": no basic auth credentials
error: unable to upload blob sha256:c7c0bb1c084f096a5a925e9ba5b2fac9fef5cfe4b706ad618d5b357a4ebc50ac to mirrorregistry.lab2.dslee.lab:5000/ocp4/openshift4: Post "https://mirrorregistry.lab2.dslee.lab:5000/v2/ocp4/openshift4/blobs/uploads/": no basic auth credentials
error: unable to upload blob sha256:a756b71978fbf13bb0eab813c21cededa1b6d3e1dd1e16236427c7ec91385546 to mirrorregistry.lab2.dslee.lab:5000/ocp4/openshift4: Post "https://mirrorregistry.lab2.dslee.lab:5000/v2/ocp4/openshift4/blobs/uploads/": no basic auth credentials
error: unable to upload blob sha256:8e4a639d6b3a76639feb5cd3a97612d0d99f88ecb535d2b0038d59a737d29c54 to mirrorregistry.lab2.dslee.lab:5000/ocp4/openshift4: Post "https://mirrorregistry.lab2.dslee.lab:5000/v2/ocp4/openshift4/blobs/uploads/": no basic auth credentials
error: unable to push file://openshift/release: failed to upload blob sha256:e631526379207d8d355d84c3f613ad6bd5dde23c901d6137524d60a0d79f74f1: Post "https://mirrorregistry.lab2.dslee.lab:5000/v2/ocp4/openshift4/blobs/uploads/": no basic auth credentials
error: unable to push file://openshift/release: failed to upload blob sha256:ba423aed7309dab3f0331a7197c2ae906677f627ae98d4f25d27c9819620b025: Post "https://mirrorregistry.lab2.dslee.lab:5000/v2/ocp4/openshift4/blobs/uploads/": no basic auth credentials
error: unable to push file://openshift/release: failed to upload blob sha256:9d76283aa1a2a3bf601421a1f93c539ee4ef5df73b64fd8a44f9d1c2801418d9: Post "https://mirrorregistry.lab2.dslee.lab:5000/v2/ocp4/openshift4/blobs/uploads/": no basic auth credentials
error: unable to push file://openshift/release: failed to upload blob sha256:7d329f5890b38b39c2b8446de5fc2c681a3cf60153a80603bc23330498074cd0: Post "https://mirrorregistry.lab2.dslee.lab:5000/v2/ocp4/openshift4/blobs/uploads/": no basic auth credentials
error: unable to push file://openshift/release: failed to upload blob sha256:2038e7b0ffcd2715d0f62df37fd9e11f2a0dbc76773acb06e46bc5f15fd09810: Post "https://mirrorregistry.lab2.dslee.lab:5000/v2/ocp4/openshift4/blobs/uploads/": no basic auth credentials
error: unable to push file://openshift/release: failed to upload blob sha256:1677a2a9c4a3d818becfa3f5eb0eaeab6530035d7febcb09e604298366664f4e: Post "https://mirrorregistry.lab2.dslee.lab:5000/v2/ocp4/openshift4/blobs/uploads/": no basic auth credentials
error: unable to upload blob sha256:3c3493fd13d3ee538260afe42cfd13d3a9185dec1d9acc34f418f59a84e29517 to mirrorregistry.lab2.dslee.lab:5000/ocp4/openshift4: Post "https://mirrorregistry.lab2.dslee.lab:5000/v2/ocp4/openshift4/blobs/uploads/": no basic auth credentials
error: unable to push file://openshift/release: failed to upload blob sha256:b02cbe1ff8df362e183c6c37c60a5ec11cd2a7320e24669555f77c078c847737: Post "https://mirrorregistry.lab2.dslee.lab:5000/v2/ocp4/openshift4/blobs/uploads/": no basic auth credentials
error: unable to push file://openshift/release: failed to upload blob sha256:24500fffde0ad2fd3f3eb9625c268019f78af5556ca344d08401aab1ef07da3a: Post "https://mirrorregistry.lab2.dslee.lab:5000/v2/ocp4/openshift4/blobs/uploads/": no basic auth credentials
error: unable to upload blob sha256:f72bf45cebbf875f32ec4c799978b8fed3c037545857dc9787462dd52483fd0f to mirrorregistry.lab2.dslee.lab:5000/ocp4/openshift4: Post "https://mirrorregistry.lab2.dslee.lab:5000/v2/ocp4/openshift4/blobs/uploads/": no basic auth credentials
error: unable to upload blob sha256:bf2cb433dc5a05f33863ca3d9ed36029ac9c0aeac525430d72df945112738731 to mirrorregistry.lab2.dslee.lab:5000/ocp4/openshift4: Post "https://mirrorregistry.lab2.dslee.lab:5000/v2/ocp4/openshift4/blobs/uploads/": no basic auth credentials
error: unable to push file://openshift/release: failed to upload blob sha256:3a0de9b787259b810b07d3cb15a24345c8de3ba24634cc985272bf8774d77ec2: Post "https://mirrorregistry.lab2.dslee.lab:5000/v2/ocp4/openshift4/blobs/uploads/": no basic auth credentials
error: unable to push file://openshift/release: failed to upload blob sha256:3bf83eff76644e425148ef72b6bfc731703e945f08e6df03aebb8c01701e472f: Post "https://mirrorregistry.lab2.dslee.lab:5000/v2/ocp4/openshift4/blobs/uploads/": no basic auth credentials
error: unable to upload blob sha256:61f40c5893b254b57367753a86f6bb69a13442146dc8f46c889d43463b3dd8f7 to mirrorregistry.lab2.dslee.lab:5000/ocp4/openshift4: Post "https://mirrorregistry.lab2.dslee.lab:5000/v2/ocp4/openshift4/blobs/uploads/": no basic auth credentials
error: unable to push file://openshift/release: failed to upload blob sha256:0a2afad4c3ccb332a089a7dbc80ea71b3aa64bacb9bfb404ad49344735d2c4a3: Post "https://mirrorregistry.lab2.dslee.lab:5000/v2/ocp4/openshift4/blobs/uploads/": no basic auth credentials
error: unable to push file://openshift/release: failed to upload blob sha256:f0982cf3052a116495b5b590c9924d5c6506b143791495191a33d4e81d6933c6: Post "https://mirrorregistry.lab2.dslee.lab:5000/v2/ocp4/openshift4/blobs/uploads/": no basic auth credentials
error: unable to push file://openshift/release: failed to upload blob sha256:06fc8adcd08ae35ab1c9f3c634da47fc6a9430c2a1962217ab3a9be2f325b3d2: Post "https://mirrorregistry.lab2.dslee.lab:5000/v2/ocp4/openshift4/blobs/uploads/": no basic auth credentials
error: unable to upload blob sha256:751671cea537254ac2c9adb0d4d58b9bd5bd84022665cd367e8e7980daef6fef to mirrorregistry.lab2.dslee.lab:5000/ocp4/openshift4: Post "https://mirrorregistry.lab2.dslee.lab:5000/v2/ocp4/openshift4/blobs/uploads/": no basic auth credentials
error: unable to push file://openshift/release: failed to upload blob sha256:fa91fd57b0a677cc347a2d8a7aad6bb1663b0be5301c4fb66b3dde8666910cd4: Post "https://mirrorregistry.lab2.dslee.lab:5000/v2/ocp4/openshift4/blobs/uploads/": no basic auth credentials
error: unable to upload blob sha256:bc3bab5575eba4ae09f3f7f8d960cbbf26b72e1eb9776c89c96a1e1edbac8685 to mirrorregistry.lab2.dslee.lab:5000/ocp4/openshift4: Post "https://mirrorregistry.lab2.dslee.lab:5000/v2/ocp4/openshift4/blobs/uploads/": no basic auth credentials
error: unable to push file://openshift/release: failed to upload blob sha256:ac199b44d21dd29eed3cc90e9a3454ae6f42168b16a48ec8790ab479d8495418: Post "https://mirrorregistry.lab2.dslee.lab:5000/v2/ocp4/openshift4/blobs/uploads/": no basic auth credentials
error: unable to push file://openshift/release: failed to upload blob sha256:0291c6a42dcfdba1cb7ccbc8548c6184bf5485ea975eb646adcfd9b04841d3b2: Post "https://mirrorregistry.lab2.dslee.lab:5000/v2/ocp4/openshift4/blobs/uploads/": no basic auth credentials
error: unable to push file://openshift/release: failed to upload blob sha256:9416fbd857690f34230bb202627c0163414843d330812887b2f9fa056793b081: Post "https://mirrorregistry.lab2.dslee.lab:5000/v2/ocp4/openshift4/blobs/uploads/": no basic auth credentials
info: Mirroring completed in 48.96s (0B/s)
error: one or more errors occurred while uploading images

[resolution]
use --registry-config option
GODEBUG=x509ignoreCN=0  oc image mirror -a ${LOCAL_SECRET_JSON} --from-dir=${REMOVABLE_MEDIA_PATH}/mirror "file://openshift/release:${OCP_RELEASE}*" ${LOCAL_REGISTRY}/${LOCAL_REPOSITORY} --registry-config=/opt/registry/pull-secret.json
